-------------------------------------------------------------------------------
Test set: br.com.joaogd53.ads.controller.PrayControllerTest
-------------------------------------------------------------------------------
Tests run: 5, Failures: 4, Errors: 0, Skipped: 0, Time elapsed: 0.082 sec <<< FAILURE! - in br.com.joaogd53.ads.controller.PrayControllerTest
readByUser(br.com.joaogd53.ads.controller.PrayControllerTest)  Time elapsed: 0.012 sec  <<< FAILURE!
java.lang.AssertionError: Status expected:<201> but was:<400>
	at org.springframework.test.util.AssertionErrors.fail(AssertionErrors.java:55)
	at org.springframework.test.util.AssertionErrors.assertEquals(AssertionErrors.java:82)
	at org.springframework.test.web.servlet.result.StatusResultMatchers.lambda$matcher$9(StatusResultMatchers.java:619)
	at org.springframework.test.web.servlet.MockMvc$1.andExpect(MockMvc.java:178)
	at br.com.joaogd53.ads.controller.PrayControllerTest.performUserPostAndGetId(PrayControllerTest.java:156)
	at br.com.joaogd53.ads.controller.PrayControllerTest.mockUserInstance(PrayControllerTest.java:188)
	at br.com.joaogd53.ads.controller.PrayControllerTest.setUp(PrayControllerTest.java:63)

prayDateValidation(br.com.joaogd53.ads.controller.PrayControllerTest)  Time elapsed: 0.014 sec  <<< FAILURE!
java.lang.AssertionError: Status expected:<201> but was:<400>
	at org.springframework.test.util.AssertionErrors.fail(AssertionErrors.java:55)
	at org.springframework.test.util.AssertionErrors.assertEquals(AssertionErrors.java:82)
	at org.springframework.test.web.servlet.result.StatusResultMatchers.lambda$matcher$9(StatusResultMatchers.java:619)
	at org.springframework.test.web.servlet.MockMvc$1.andExpect(MockMvc.java:178)
	at br.com.joaogd53.ads.controller.PrayControllerTest.performUserPostAndGetId(PrayControllerTest.java:156)
	at br.com.joaogd53.ads.controller.PrayControllerTest.mockUserInstance(PrayControllerTest.java:188)
	at br.com.joaogd53.ads.controller.PrayControllerTest.setUp(PrayControllerTest.java:63)

readAll(br.com.joaogd53.ads.controller.PrayControllerTest)  Time elapsed: 0.013 sec  <<< FAILURE!
java.lang.AssertionError: Status expected:<201> but was:<400>
	at org.springframework.test.util.AssertionErrors.fail(AssertionErrors.java:55)
	at org.springframework.test.util.AssertionErrors.assertEquals(AssertionErrors.java:82)
	at org.springframework.test.web.servlet.result.StatusResultMatchers.lambda$matcher$9(StatusResultMatchers.java:619)
	at org.springframework.test.web.servlet.MockMvc$1.andExpect(MockMvc.java:178)
	at br.com.joaogd53.ads.controller.PrayControllerTest.performUserPostAndGetId(PrayControllerTest.java:156)
	at br.com.joaogd53.ads.controller.PrayControllerTest.mockUserInstance(PrayControllerTest.java:188)
	at br.com.joaogd53.ads.controller.PrayControllerTest.setUp(PrayControllerTest.java:63)

editPray(br.com.joaogd53.ads.controller.PrayControllerTest)  Time elapsed: 0.012 sec  <<< FAILURE!
java.lang.AssertionError: Status expected:<201> but was:<400>
	at org.springframework.test.util.AssertionErrors.fail(AssertionErrors.java:55)
	at org.springframework.test.util.AssertionErrors.assertEquals(AssertionErrors.java:82)
	at org.springframework.test.web.servlet.result.StatusResultMatchers.lambda$matcher$9(StatusResultMatchers.java:619)
	at org.springframework.test.web.servlet.MockMvc$1.andExpect(MockMvc.java:178)
	at br.com.joaogd53.ads.controller.PrayControllerTest.performUserPostAndGetId(PrayControllerTest.java:156)
	at br.com.joaogd53.ads.controller.PrayControllerTest.mockUserInstance(PrayControllerTest.java:188)
	at br.com.joaogd53.ads.controller.PrayControllerTest.setUp(PrayControllerTest.java:63)

