<?xml version="1.0" encoding="UTF-8"?>
<testsuite name="br.com.joaogd53.ads.controller.ChurchControllerTest" time="0.78" tests="22" errors="0" skipped="0" failures="10">
  <properties>
[...]
</properties>
  <testcase name="create" classname="br.com.joaogd53.ads.controller.ChurchControllerTest" time="0.014">
    <failure message="Status expected:&lt;201&gt; but was:&lt;400&gt;" type="java.lang.AssertionError"><![CDATA[java.lang.AssertionError: Status expected:<201> but was:<400>
	at org.springframework.test.util.AssertionErrors.fail(AssertionErrors.java:55)
	at org.springframework.test.util.AssertionErrors.assertEquals(AssertionErrors.java:82)
	at org.springframework.test.web.servlet.result.StatusResultMatchers.lambda$matcher$9(StatusResultMatchers.java:619)
	at org.springframework.test.web.servlet.MockMvc$1.andExpect(MockMvc.java:178)
	at br.com.joaogd53.ads.controller.ChurchControllerTest.performUserPostAndGetId(ChurchControllerTest.java:389)
	at br.com.joaogd53.ads.controller.ChurchControllerTest.mockUserInstance(ChurchControllerTest.java:435)
	at br.com.joaogd53.ads.controller.ChurchControllerTest.setUp(ChurchControllerTest.java:65)
]]></failure>
    <system-out><![CDATA[Hibernate: select user0_.idUser as idUser1_2_, user0_.avatarUrl as avatarUr2_2_, user0_.church as church7_2_, user0_.city as city3_2_, user0_.country as country4_2_, user0_.email as email5_2_, user0_.userName as userName6_2_ from User user0_ where user0_.email=?
]]></system-out>
  </testcase>
  <testcase name="updateChurchInvalidConutry" classname="br.com.joaogd53.ads.controller.ChurchControllerTest" time="0.012">
    <failure message="Status expected:&lt;201&gt; but was:&lt;400&gt;" type="java.lang.AssertionError"><![CDATA[java.lang.AssertionError: Status expected:<201> but was:<400>
	at org.springframework.test.util.AssertionErrors.fail(AssertionErrors.java:55)
	at org.springframework.test.util.AssertionErrors.assertEquals(AssertionErrors.java:82)
	at org.springframework.test.web.servlet.result.StatusResultMatchers.lambda$matcher$9(StatusResultMatchers.java:619)
	at org.springframework.test.web.servlet.MockMvc$1.andExpect(MockMvc.java:178)
	at br.com.joaogd53.ads.controller.ChurchControllerTest.performUserPostAndGetId(ChurchControllerTest.java:389)
	at br.com.joaogd53.ads.controller.ChurchControllerTest.mockUserInstance(ChurchControllerTest.java:435)
	at br.com.joaogd53.ads.controller.ChurchControllerTest.setUp(ChurchControllerTest.java:65)
]]></failure>
    <system-out><![CDATA[Hibernate: select user0_.idUser as idUser1_2_, user0_.avatarUrl as avatarUr2_2_, user0_.church as church7_2_, user0_.city as city3_2_, user0_.country as country4_2_, user0_.email as email5_2_, user0_.userName as userName6_2_ from User user0_ where user0_.email=?
]]></system-out>
  </testcase>
  <testcase name="createNullCity" classname="br.com.joaogd53.ads.controller.ChurchControllerTest" time="0.013">
    <failure message="Status expected:&lt;201&gt; but was:&lt;400&gt;" type="java.lang.AssertionError"><![CDATA[java.lang.AssertionError: Status expected:<201> but was:<400>
	at org.springframework.test.util.AssertionErrors.fail(AssertionErrors.java:55)
	at org.springframework.test.util.AssertionErrors.assertEquals(AssertionErrors.java:82)
	at org.springframework.test.web.servlet.result.StatusResultMatchers.lambda$matcher$9(StatusResultMatchers.java:619)
	at org.springframework.test.web.servlet.MockMvc$1.andExpect(MockMvc.java:178)
	at br.com.joaogd53.ads.controller.ChurchControllerTest.performUserPostAndGetId(ChurchControllerTest.java:389)
	at br.com.joaogd53.ads.controller.ChurchControllerTest.mockUserInstance(ChurchControllerTest.java:435)
	at br.com.joaogd53.ads.controller.ChurchControllerTest.setUp(ChurchControllerTest.java:65)
]]></failure>
    <system-out><![CDATA[Hibernate: select user0_.idUser as idUser1_2_, user0_.avatarUrl as avatarUr2_2_, user0_.church as church7_2_, user0_.city as city3_2_, user0_.country as country4_2_, user0_.email as email5_2_, user0_.userName as userName6_2_ from User user0_ where user0_.email=?
]]></system-out>
  </testcase>
  <testcase name="createNullName" classname="br.com.joaogd53.ads.controller.ChurchControllerTest" time="0.012">
    <failure message="Status expected:&lt;201&gt; but was:&lt;400&gt;" type="java.lang.AssertionError"><![CDATA[java.lang.AssertionError: Status expected:<201> but was:<400>
	at org.springframework.test.util.AssertionErrors.fail(AssertionErrors.java:55)
	at org.springframework.test.util.AssertionErrors.assertEquals(AssertionErrors.java:82)
	at org.springframework.test.web.servlet.result.StatusResultMatchers.lambda$matcher$9(StatusResultMatchers.java:619)
	at org.springframework.test.web.servlet.MockMvc$1.andExpect(MockMvc.java:178)
	at br.com.joaogd53.ads.controller.ChurchControllerTest.performUserPostAndGetId(ChurchControllerTest.java:389)
	at br.com.joaogd53.ads.controller.ChurchControllerTest.mockUserInstance(ChurchControllerTest.java:435)
	at br.com.joaogd53.ads.controller.ChurchControllerTest.setUp(ChurchControllerTest.java:65)
]]></failure>
    <system-out><![CDATA[Hibernate: select user0_.idUser as idUser1_2_, user0_.avatarUrl as avatarUr2_2_, user0_.church as church7_2_, user0_.city as city3_2_, user0_.country as country4_2_, user0_.email as email5_2_, user0_.userName as userName6_2_ from User user0_ where user0_.email=?
]]></system-out>
  </testcase>
  <testcase name="createNullCountry" classname="br.com.joaogd53.ads.controller.ChurchControllerTest" time="0.013">
    <failure message="Status expected:&lt;201&gt; but was:&lt;400&gt;" type="java.lang.AssertionError"><![CDATA[java.lang.AssertionError: Status expected:<201> but was:<400>
	at org.springframework.test.util.AssertionErrors.fail(AssertionErrors.java:55)
	at org.springframework.test.util.AssertionErrors.assertEquals(AssertionErrors.java:82)
	at org.springframework.test.web.servlet.result.StatusResultMatchers.lambda$matcher$9(StatusResultMatchers.java:619)
	at org.springframework.test.web.servlet.MockMvc$1.andExpect(MockMvc.java:178)
	at br.com.joaogd53.ads.controller.ChurchControllerTest.performUserPostAndGetId(ChurchControllerTest.java:389)
	at br.com.joaogd53.ads.controller.ChurchControllerTest.mockUserInstance(ChurchControllerTest.java:435)
	at br.com.joaogd53.ads.controller.ChurchControllerTest.setUp(ChurchControllerTest.java:65)
]]></failure>
    <system-out><![CDATA[Hibernate: select user0_.idUser as idUser1_2_, user0_.avatarUrl as avatarUr2_2_, user0_.church as church7_2_, user0_.city as city3_2_, user0_.country as country4_2_, user0_.email as email5_2_, user0_.userName as userName6_2_ from User user0_ where user0_.email=?
]]></system-out>
  </testcase>
  <testcase name="readById" classname="br.com.joaogd53.ads.controller.ChurchControllerTest" time="0.012">
    <failure message="Status expected:&lt;201&gt; but was:&lt;400&gt;" type="java.lang.AssertionError"><![CDATA[java.lang.AssertionError: Status expected:<201> but was:<400>
	at org.springframework.test.util.AssertionErrors.fail(AssertionErrors.java:55)
	at org.springframework.test.util.AssertionErrors.assertEquals(AssertionErrors.java:82)
	at org.springframework.test.web.servlet.result.StatusResultMatchers.lambda$matcher$9(StatusResultMatchers.java:619)
	at org.springframework.test.web.servlet.MockMvc$1.andExpect(MockMvc.java:178)
	at br.com.joaogd53.ads.controller.ChurchControllerTest.performUserPostAndGetId(ChurchControllerTest.java:389)
	at br.com.joaogd53.ads.controller.ChurchControllerTest.mockUserInstance(ChurchControllerTest.java:435)
	at br.com.joaogd53.ads.controller.ChurchControllerTest.setUp(ChurchControllerTest.java:65)
]]></failure>
    <system-out><![CDATA[Hibernate: select user0_.idUser as idUser1_2_, user0_.avatarUrl as avatarUr2_2_, user0_.church as church7_2_, user0_.city as city3_2_, user0_.country as country4_2_, user0_.email as email5_2_, user0_.userName as userName6_2_ from User user0_ where user0_.email=?
]]></system-out>
  </testcase>
  <testcase name="readByIdNegative" classname="br.com.joaogd53.ads.controller.ChurchControllerTest" time="0.013">
    <failure message="Status expected:&lt;201&gt; but was:&lt;400&gt;" type="java.lang.AssertionError"><![CDATA[java.lang.AssertionError: Status expected:<201> but was:<400>
	at org.springframework.test.util.AssertionErrors.fail(AssertionErrors.java:55)
	at org.springframework.test.util.AssertionErrors.assertEquals(AssertionErrors.java:82)
	at org.springframework.test.web.servlet.result.StatusResultMatchers.lambda$matcher$9(StatusResultMatchers.java:619)
	at org.springframework.test.web.servlet.MockMvc$1.andExpect(MockMvc.java:178)
	at br.com.joaogd53.ads.controller.ChurchControllerTest.performUserPostAndGetId(ChurchControllerTest.java:389)
	at br.com.joaogd53.ads.controller.ChurchControllerTest.mockUserInstance(ChurchControllerTest.java:435)
	at br.com.joaogd53.ads.controller.ChurchControllerTest.setUp(ChurchControllerTest.java:65)
]]></failure>
    <system-out><![CDATA[Hibernate: select user0_.idUser as idUser1_2_, user0_.avatarUrl as avatarUr2_2_, user0_.church as church7_2_, user0_.city as city3_2_, user0_.country as country4_2_, user0_.email as email5_2_, user0_.userName as userName6_2_ from User user0_ where user0_.email=?
]]></system-out>
  </testcase>
  <testcase name="searchByRegion" classname="br.com.joaogd53.ads.controller.ChurchControllerTest" time="0.011">
    <failure message="Status expected:&lt;201&gt; but was:&lt;400&gt;" type="java.lang.AssertionError"><![CDATA[java.lang.AssertionError: Status expected:<201> but was:<400>
	at org.springframework.test.util.AssertionErrors.fail(AssertionErrors.java:55)
	at org.springframework.test.util.AssertionErrors.assertEquals(AssertionErrors.java:82)
	at org.springframework.test.web.servlet.result.StatusResultMatchers.lambda$matcher$9(StatusResultMatchers.java:619)
	at org.springframework.test.web.servlet.MockMvc$1.andExpect(MockMvc.java:178)
	at br.com.joaogd53.ads.controller.ChurchControllerTest.performUserPostAndGetId(ChurchControllerTest.java:389)
	at br.com.joaogd53.ads.controller.ChurchControllerTest.mockUserInstance(ChurchControllerTest.java:435)
	at br.com.joaogd53.ads.controller.ChurchControllerTest.setUp(ChurchControllerTest.java:65)
]]></failure>
    <system-out><![CDATA[Hibernate: select user0_.idUser as idUser1_2_, user0_.avatarUrl as avatarUr2_2_, user0_.church as church7_2_, user0_.city as city3_2_, user0_.country as country4_2_, user0_.email as email5_2_, user0_.userName as userName6_2_ from User user0_ where user0_.email=?
]]></system-out>
  </testcase>
  <testcase name="createNullRegion" classname="br.com.joaogd53.ads.controller.ChurchControllerTest" time="0.01">
    <failure message="Status expected:&lt;201&gt; but was:&lt;400&gt;" type="java.lang.AssertionError"><![CDATA[java.lang.AssertionError: Status expected:<201> but was:<400>
	at org.springframework.test.util.AssertionErrors.fail(AssertionErrors.java:55)
	at org.springframework.test.util.AssertionErrors.assertEquals(AssertionErrors.java:82)
	at org.springframework.test.web.servlet.result.StatusResultMatchers.lambda$matcher$9(StatusResultMatchers.java:619)
	at org.springframework.test.web.servlet.MockMvc$1.andExpect(MockMvc.java:178)
	at br.com.joaogd53.ads.controller.ChurchControllerTest.performUserPostAndGetId(ChurchControllerTest.java:389)
	at br.com.joaogd53.ads.controller.ChurchControllerTest.mockUserInstance(ChurchControllerTest.java:435)
	at br.com.joaogd53.ads.controller.ChurchControllerTest.setUp(ChurchControllerTest.java:65)
]]></failure>
    <system-out><![CDATA[Hibernate: select user0_.idUser as idUser1_2_, user0_.avatarUrl as avatarUr2_2_, user0_.church as church7_2_, user0_.city as city3_2_, user0_.country as country4_2_, user0_.email as email5_2_, user0_.userName as userName6_2_ from User user0_ where user0_.email=?
]]></system-out>
  </testcase>
  <testcase name="searchByCity" classname="br.com.joaogd53.ads.controller.ChurchControllerTest" time="0.013">
    <failure message="Status expected:&lt;201&gt; but was:&lt;400&gt;" type="java.lang.AssertionError"><![CDATA[java.lang.AssertionError: Status expected:<201> but was:<400>
	at org.springframework.test.util.AssertionErrors.fail(AssertionErrors.java:55)
	at org.springframework.test.util.AssertionErrors.assertEquals(AssertionErrors.java:82)
	at org.springframework.test.web.servlet.result.StatusResultMatchers.lambda$matcher$9(StatusResultMatchers.java:619)
	at org.springframework.test.web.servlet.MockMvc$1.andExpect(MockMvc.java:178)
	at br.com.joaogd53.ads.controller.ChurchControllerTest.performUserPostAndGetId(ChurchControllerTest.java:389)
	at br.com.joaogd53.ads.controller.ChurchControllerTest.mockUserInstance(ChurchControllerTest.java:435)
	at br.com.joaogd53.ads.controller.ChurchControllerTest.setUp(ChurchControllerTest.java:65)
]]></failure>
    <system-out><![CDATA[Hibernate: select user0_.idUser as idUser1_2_, user0_.avatarUrl as avatarUr2_2_, user0_.church as church7_2_, user0_.city as city3_2_, user0_.country as country4_2_, user0_.email as email5_2_, user0_.userName as userName6_2_ from User user0_ where user0_.email=?
]]></system-out>
  </testcase>
  <testcase name="readByIdNotFound" classname="br.com.joaogd53.ads.controller.ChurchControllerTest" time="0.1"/>
  <testcase name="searchByCountry" classname="br.com.joaogd53.ads.controller.ChurchControllerTest" time="0.077"/>
  <testcase name="createBlancCity" classname="br.com.joaogd53.ads.controller.ChurchControllerTest" time="0.034"/>
  <testcase name="createBlancName" classname="br.com.joaogd53.ads.controller.ChurchControllerTest" time="0.036"/>
  <testcase name="createBlancRegion" classname="br.com.joaogd53.ads.controller.ChurchControllerTest" time="0.035"/>
  <testcase name="updateChurchById" classname="br.com.joaogd53.ads.controller.ChurchControllerTest" time="0.059"/>
  <testcase name="updateChurchInvalidRegion" classname="br.com.joaogd53.ads.controller.ChurchControllerTest" time="0.052"/>
  <testcase name="updateChurchInvalidCity" classname="br.com.joaogd53.ads.controller.ChurchControllerTest" time="0.047"/>
  <testcase name="updateChurchInvalidName" classname="br.com.joaogd53.ads.controller.ChurchControllerTest" time="0.063"/>
  <testcase name="updateChurchInvalidUser" classname="br.com.joaogd53.ads.controller.ChurchControllerTest" time="0.045"/>
  <testcase name="readAll" classname="br.com.joaogd53.ads.controller.ChurchControllerTest" time="0.073"/>
  <testcase name="createBlancCountry" classname="br.com.joaogd53.ads.controller.ChurchControllerTest" time="0.036"/>
</testsuite>