<?xml version="1.0" encoding="UTF-8"?>
<testsuite name="br.com.joaogd53.ads.controller.ChurchControllerTest" time="0.78" tests="22" errors="0" skipped="0" failures="10">
  <properties>
    <property name="java.runtime.name" value="Java(TM) SE Runtime Environment"/>
    <property name="sun.boot.library.path" value="/usr/lib/jvm/java-8-oracle/jre/lib/amd64"/>
    <property name="java.vm.version" value="25.171-b11"/>
    <property name="user.country.format" value="BR"/>
    <property name="java.vm.vendor" value="Oracle Corporation"/>
    <property name="maven.multiModuleProjectDirectory" value="/home/dyck/git/PrayingWebApp/PrayingWebApp"/>
    <property name="java.vendor.url" value="http://java.oracle.com/"/>
    <property name="path.separator" value=":"/>
    <property name="guice.disable.misplaced.annotation.check" value="true"/>
    <property name="java.vm.name" value="Java HotSpot(TM) 64-Bit Server VM"/>
    <property name="file.encoding.pkg" value="sun.io"/>
    <property name="user.country" value="US"/>
    <property name="sun.java.launcher" value="SUN_STANDARD"/>
    <property name="sun.os.patch.level" value="unknown"/>
    <property name="java.vm.specification.name" value="Java Virtual Machine Specification"/>
    <property name="user.dir" value="/home/dyck/git/PrayingWebApp/PrayingWebApp"/>
    <property name="java.runtime.version" value="1.8.0_171-b11"/>
    <property name="java.awt.graphicsenv" value="sun.awt.X11GraphicsEnvironment"/>
    <property name="java.endorsed.dirs" value="/usr/lib/jvm/java-8-oracle/jre/lib/endorsed"/>
    <property name="os.arch" value="amd64"/>
    <property name="java.io.tmpdir" value="/tmp"/>
    <property name="line.separator" value="&#10;"/>
    <property name="java.vm.specification.vendor" value="Oracle Corporation"/>
    <property name="os.name" value="Linux"/>
    <property name="classworlds.conf" value="/usr/share/maven/bin/m2.conf"/>
    <property name="sun.jnu.encoding" value="UTF-8"/>
    <property name="java.library.path" value="/usr/java/packages/lib/amd64:/usr/lib64:/lib64:/lib:/usr/lib"/>
    <property name="maven.conf" value="/usr/share/maven/conf"/>
    <property name="java.specification.name" value="Java Platform API Specification"/>
    <property name="java.class.version" value="52.0"/>
    <property name="sun.management.compiler" value="HotSpot 64-Bit Tiered Compilers"/>
    <property name="os.version" value="4.15.0-42-generic"/>
    <property name="library.jansi.path" value="/usr/share/maven/lib/jansi-native"/>
    <property name="user.home" value="/home/dyck"/>
    <property name="user.timezone" value="Europe/Berlin"/>
    <property name="java.awt.printerjob" value="sun.print.PSPrinterJob"/>
    <property name="java.specification.version" value="1.8"/>
    <property name="file.encoding" value="UTF-8"/>
    <property name="user.name" value="dyck"/>
    <property name="java.class.path" value="/usr/share/maven/boot/plexus-classworlds-2.x.jar"/>
    <property name="java.vm.specification.version" value="1.8"/>
    <property name="sun.arch.data.model" value="64"/>
    <property name="java.home" value="/usr/lib/jvm/java-8-oracle/jre"/>
    <property name="sun.java.command" value="org.codehaus.plexus.classworlds.launcher.Launcher test"/>
    <property name="java.specification.vendor" value="Oracle Corporation"/>
    <property name="user.language" value="en"/>
    <property name="user.language.format" value="pt"/>
    <property name="awt.toolkit" value="sun.awt.X11.XToolkit"/>
    <property name="java.vm.info" value="mixed mode"/>
    <property name="java.version" value="1.8.0_171"/>
    <property name="java.ext.dirs" value="/usr/lib/jvm/java-8-oracle/jre/lib/ext:/usr/java/packages/lib/ext"/>
    <property name="securerandom.source" value="file:/dev/./urandom"/>
    <property name="sun.boot.class.path" value="/usr/lib/jvm/java-8-oracle/jre/lib/resources.jar:/usr/lib/jvm/java-8-oracle/jre/lib/rt.jar:/usr/lib/jvm/java-8-oracle/jre/lib/sunrsasign.jar:/usr/lib/jvm/java-8-oracle/jre/lib/jsse.jar:/usr/lib/jvm/java-8-oracle/jre/lib/jce.jar:/usr/lib/jvm/java-8-oracle/jre/lib/charsets.jar:/usr/lib/jvm/java-8-oracle/jre/lib/jfr.jar:/usr/lib/jvm/java-8-oracle/jre/classes"/>
    <property name="java.vendor" value="Oracle Corporation"/>
    <property name="maven.home" value="/usr/share/maven"/>
    <property name="file.separator" value="/"/>
    <property name="java.vendor.url.bug" value="http://bugreport.sun.com/bugreport/"/>
    <property name="sun.cpu.endian" value="little"/>
    <property name="sun.io.unicode.encoding" value="UnicodeLittle"/>
    <property name="sun.desktop" value="gnome"/>
    <property name="sun.cpu.isalist" value=""/>
  </properties>
  <testcase name="create" classname="br.com.joaogd53.ads.controller.ChurchControllerTest" time="0.014">
    <failure message="Status expected:&lt;201&gt; but was:&lt;400&gt;" type="java.lang.AssertionError"><![CDATA[java.lang.AssertionError: Status expected:<201> but was:<400>
	at org.springframework.test.util.AssertionErrors.fail(AssertionErrors.java:55)
	at org.springframework.test.util.AssertionErrors.assertEquals(AssertionErrors.java:82)
	at org.springframework.test.web.servlet.result.StatusResultMatchers.lambda$matcher$9(StatusResultMatchers.java:619)
	at org.springframework.test.web.servlet.MockMvc$1.andExpect(MockMvc.java:178)
	at br.com.joaogd53.ads.controller.ChurchControllerTest.performUserPostAndGetId(ChurchControllerTest.java:389)
	at br.com.joaogd53.ads.controller.ChurchControllerTest.mockUserInstance(ChurchControllerTest.java:435)
	at br.com.joaogd53.ads.controller.ChurchControllerTest.setUp(ChurchControllerTest.java:65)
]]></failure>
    <system-out><![CDATA[Hibernate: select user0_.idUser as idUser1_2_, user0_.avatarUrl as avatarUr2_2_, user0_.church as church7_2_, user0_.city as city3_2_, user0_.country as country4_2_, user0_.email as email5_2_, user0_.userName as userName6_2_ from User user0_ where user0_.email=?
]]></system-out>
  </testcase>
  <testcase name="updateChurchInvalidConutry" classname="br.com.joaogd53.ads.controller.ChurchControllerTest" time="0.012">
    <failure message="Status expected:&lt;201&gt; but was:&lt;400&gt;" type="java.lang.AssertionError"><![CDATA[java.lang.AssertionError: Status expected:<201> but was:<400>
	at org.springframework.test.util.AssertionErrors.fail(AssertionErrors.java:55)
	at org.springframework.test.util.AssertionErrors.assertEquals(AssertionErrors.java:82)
	at org.springframework.test.web.servlet.result.StatusResultMatchers.lambda$matcher$9(StatusResultMatchers.java:619)
	at org.springframework.test.web.servlet.MockMvc$1.andExpect(MockMvc.java:178)
	at br.com.joaogd53.ads.controller.ChurchControllerTest.performUserPostAndGetId(ChurchControllerTest.java:389)
	at br.com.joaogd53.ads.controller.ChurchControllerTest.mockUserInstance(ChurchControllerTest.java:435)
	at br.com.joaogd53.ads.controller.ChurchControllerTest.setUp(ChurchControllerTest.java:65)
]]></failure>
    <system-out><![CDATA[Hibernate: select user0_.idUser as idUser1_2_, user0_.avatarUrl as avatarUr2_2_, user0_.church as church7_2_, user0_.city as city3_2_, user0_.country as country4_2_, user0_.email as email5_2_, user0_.userName as userName6_2_ from User user0_ where user0_.email=?
]]></system-out>
  </testcase>
  <testcase name="createNullCity" classname="br.com.joaogd53.ads.controller.ChurchControllerTest" time="0.013">
    <failure message="Status expected:&lt;201&gt; but was:&lt;400&gt;" type="java.lang.AssertionError"><![CDATA[java.lang.AssertionError: Status expected:<201> but was:<400>
	at org.springframework.test.util.AssertionErrors.fail(AssertionErrors.java:55)
	at org.springframework.test.util.AssertionErrors.assertEquals(AssertionErrors.java:82)
	at org.springframework.test.web.servlet.result.StatusResultMatchers.lambda$matcher$9(StatusResultMatchers.java:619)
	at org.springframework.test.web.servlet.MockMvc$1.andExpect(MockMvc.java:178)
	at br.com.joaogd53.ads.controller.ChurchControllerTest.performUserPostAndGetId(ChurchControllerTest.java:389)
	at br.com.joaogd53.ads.controller.ChurchControllerTest.mockUserInstance(ChurchControllerTest.java:435)
	at br.com.joaogd53.ads.controller.ChurchControllerTest.setUp(ChurchControllerTest.java:65)
]]></failure>
    <system-out><![CDATA[Hibernate: select user0_.idUser as idUser1_2_, user0_.avatarUrl as avatarUr2_2_, user0_.church as church7_2_, user0_.city as city3_2_, user0_.country as country4_2_, user0_.email as email5_2_, user0_.userName as userName6_2_ from User user0_ where user0_.email=?
]]></system-out>
  </testcase>
  <testcase name="createNullName" classname="br.com.joaogd53.ads.controller.ChurchControllerTest" time="0.012">
    <failure message="Status expected:&lt;201&gt; but was:&lt;400&gt;" type="java.lang.AssertionError"><![CDATA[java.lang.AssertionError: Status expected:<201> but was:<400>
	at org.springframework.test.util.AssertionErrors.fail(AssertionErrors.java:55)
	at org.springframework.test.util.AssertionErrors.assertEquals(AssertionErrors.java:82)
	at org.springframework.test.web.servlet.result.StatusResultMatchers.lambda$matcher$9(StatusResultMatchers.java:619)
	at org.springframework.test.web.servlet.MockMvc$1.andExpect(MockMvc.java:178)
	at br.com.joaogd53.ads.controller.ChurchControllerTest.performUserPostAndGetId(ChurchControllerTest.java:389)
	at br.com.joaogd53.ads.controller.ChurchControllerTest.mockUserInstance(ChurchControllerTest.java:435)
	at br.com.joaogd53.ads.controller.ChurchControllerTest.setUp(ChurchControllerTest.java:65)
]]></failure>
    <system-out><![CDATA[Hibernate: select user0_.idUser as idUser1_2_, user0_.avatarUrl as avatarUr2_2_, user0_.church as church7_2_, user0_.city as city3_2_, user0_.country as country4_2_, user0_.email as email5_2_, user0_.userName as userName6_2_ from User user0_ where user0_.email=?
]]></system-out>
  </testcase>
  <testcase name="createNullCountry" classname="br.com.joaogd53.ads.controller.ChurchControllerTest" time="0.013">
    <failure message="Status expected:&lt;201&gt; but was:&lt;400&gt;" type="java.lang.AssertionError"><![CDATA[java.lang.AssertionError: Status expected:<201> but was:<400>
	at org.springframework.test.util.AssertionErrors.fail(AssertionErrors.java:55)
	at org.springframework.test.util.AssertionErrors.assertEquals(AssertionErrors.java:82)
	at org.springframework.test.web.servlet.result.StatusResultMatchers.lambda$matcher$9(StatusResultMatchers.java:619)
	at org.springframework.test.web.servlet.MockMvc$1.andExpect(MockMvc.java:178)
	at br.com.joaogd53.ads.controller.ChurchControllerTest.performUserPostAndGetId(ChurchControllerTest.java:389)
	at br.com.joaogd53.ads.controller.ChurchControllerTest.mockUserInstance(ChurchControllerTest.java:435)
	at br.com.joaogd53.ads.controller.ChurchControllerTest.setUp(ChurchControllerTest.java:65)
]]></failure>
    <system-out><![CDATA[Hibernate: select user0_.idUser as idUser1_2_, user0_.avatarUrl as avatarUr2_2_, user0_.church as church7_2_, user0_.city as city3_2_, user0_.country as country4_2_, user0_.email as email5_2_, user0_.userName as userName6_2_ from User user0_ where user0_.email=?
]]></system-out>
  </testcase>
  <testcase name="readById" classname="br.com.joaogd53.ads.controller.ChurchControllerTest" time="0.012">
    <failure message="Status expected:&lt;201&gt; but was:&lt;400&gt;" type="java.lang.AssertionError"><![CDATA[java.lang.AssertionError: Status expected:<201> but was:<400>
	at org.springframework.test.util.AssertionErrors.fail(AssertionErrors.java:55)
	at org.springframework.test.util.AssertionErrors.assertEquals(AssertionErrors.java:82)
	at org.springframework.test.web.servlet.result.StatusResultMatchers.lambda$matcher$9(StatusResultMatchers.java:619)
	at org.springframework.test.web.servlet.MockMvc$1.andExpect(MockMvc.java:178)
	at br.com.joaogd53.ads.controller.ChurchControllerTest.performUserPostAndGetId(ChurchControllerTest.java:389)
	at br.com.joaogd53.ads.controller.ChurchControllerTest.mockUserInstance(ChurchControllerTest.java:435)
	at br.com.joaogd53.ads.controller.ChurchControllerTest.setUp(ChurchControllerTest.java:65)
]]></failure>
    <system-out><![CDATA[Hibernate: select user0_.idUser as idUser1_2_, user0_.avatarUrl as avatarUr2_2_, user0_.church as church7_2_, user0_.city as city3_2_, user0_.country as country4_2_, user0_.email as email5_2_, user0_.userName as userName6_2_ from User user0_ where user0_.email=?
]]></system-out>
  </testcase>
  <testcase name="readByIdNegative" classname="br.com.joaogd53.ads.controller.ChurchControllerTest" time="0.013">
    <failure message="Status expected:&lt;201&gt; but was:&lt;400&gt;" type="java.lang.AssertionError"><![CDATA[java.lang.AssertionError: Status expected:<201> but was:<400>
	at org.springframework.test.util.AssertionErrors.fail(AssertionErrors.java:55)
	at org.springframework.test.util.AssertionErrors.assertEquals(AssertionErrors.java:82)
	at org.springframework.test.web.servlet.result.StatusResultMatchers.lambda$matcher$9(StatusResultMatchers.java:619)
	at org.springframework.test.web.servlet.MockMvc$1.andExpect(MockMvc.java:178)
	at br.com.joaogd53.ads.controller.ChurchControllerTest.performUserPostAndGetId(ChurchControllerTest.java:389)
	at br.com.joaogd53.ads.controller.ChurchControllerTest.mockUserInstance(ChurchControllerTest.java:435)
	at br.com.joaogd53.ads.controller.ChurchControllerTest.setUp(ChurchControllerTest.java:65)
]]></failure>
    <system-out><![CDATA[Hibernate: select user0_.idUser as idUser1_2_, user0_.avatarUrl as avatarUr2_2_, user0_.church as church7_2_, user0_.city as city3_2_, user0_.country as country4_2_, user0_.email as email5_2_, user0_.userName as userName6_2_ from User user0_ where user0_.email=?
]]></system-out>
  </testcase>
  <testcase name="searchByRegion" classname="br.com.joaogd53.ads.controller.ChurchControllerTest" time="0.011">
    <failure message="Status expected:&lt;201&gt; but was:&lt;400&gt;" type="java.lang.AssertionError"><![CDATA[java.lang.AssertionError: Status expected:<201> but was:<400>
	at org.springframework.test.util.AssertionErrors.fail(AssertionErrors.java:55)
	at org.springframework.test.util.AssertionErrors.assertEquals(AssertionErrors.java:82)
	at org.springframework.test.web.servlet.result.StatusResultMatchers.lambda$matcher$9(StatusResultMatchers.java:619)
	at org.springframework.test.web.servlet.MockMvc$1.andExpect(MockMvc.java:178)
	at br.com.joaogd53.ads.controller.ChurchControllerTest.performUserPostAndGetId(ChurchControllerTest.java:389)
	at br.com.joaogd53.ads.controller.ChurchControllerTest.mockUserInstance(ChurchControllerTest.java:435)
	at br.com.joaogd53.ads.controller.ChurchControllerTest.setUp(ChurchControllerTest.java:65)
]]></failure>
    <system-out><![CDATA[Hibernate: select user0_.idUser as idUser1_2_, user0_.avatarUrl as avatarUr2_2_, user0_.church as church7_2_, user0_.city as city3_2_, user0_.country as country4_2_, user0_.email as email5_2_, user0_.userName as userName6_2_ from User user0_ where user0_.email=?
]]></system-out>
  </testcase>
  <testcase name="createNullRegion" classname="br.com.joaogd53.ads.controller.ChurchControllerTest" time="0.01">
    <failure message="Status expected:&lt;201&gt; but was:&lt;400&gt;" type="java.lang.AssertionError"><![CDATA[java.lang.AssertionError: Status expected:<201> but was:<400>
	at org.springframework.test.util.AssertionErrors.fail(AssertionErrors.java:55)
	at org.springframework.test.util.AssertionErrors.assertEquals(AssertionErrors.java:82)
	at org.springframework.test.web.servlet.result.StatusResultMatchers.lambda$matcher$9(StatusResultMatchers.java:619)
	at org.springframework.test.web.servlet.MockMvc$1.andExpect(MockMvc.java:178)
	at br.com.joaogd53.ads.controller.ChurchControllerTest.performUserPostAndGetId(ChurchControllerTest.java:389)
	at br.com.joaogd53.ads.controller.ChurchControllerTest.mockUserInstance(ChurchControllerTest.java:435)
	at br.com.joaogd53.ads.controller.ChurchControllerTest.setUp(ChurchControllerTest.java:65)
]]></failure>
    <system-out><![CDATA[Hibernate: select user0_.idUser as idUser1_2_, user0_.avatarUrl as avatarUr2_2_, user0_.church as church7_2_, user0_.city as city3_2_, user0_.country as country4_2_, user0_.email as email5_2_, user0_.userName as userName6_2_ from User user0_ where user0_.email=?
]]></system-out>
  </testcase>
  <testcase name="searchByCity" classname="br.com.joaogd53.ads.controller.ChurchControllerTest" time="0.013">
    <failure message="Status expected:&lt;201&gt; but was:&lt;400&gt;" type="java.lang.AssertionError"><![CDATA[java.lang.AssertionError: Status expected:<201> but was:<400>
	at org.springframework.test.util.AssertionErrors.fail(AssertionErrors.java:55)
	at org.springframework.test.util.AssertionErrors.assertEquals(AssertionErrors.java:82)
	at org.springframework.test.web.servlet.result.StatusResultMatchers.lambda$matcher$9(StatusResultMatchers.java:619)
	at org.springframework.test.web.servlet.MockMvc$1.andExpect(MockMvc.java:178)
	at br.com.joaogd53.ads.controller.ChurchControllerTest.performUserPostAndGetId(ChurchControllerTest.java:389)
	at br.com.joaogd53.ads.controller.ChurchControllerTest.mockUserInstance(ChurchControllerTest.java:435)
	at br.com.joaogd53.ads.controller.ChurchControllerTest.setUp(ChurchControllerTest.java:65)
]]></failure>
    <system-out><![CDATA[Hibernate: select user0_.idUser as idUser1_2_, user0_.avatarUrl as avatarUr2_2_, user0_.church as church7_2_, user0_.city as city3_2_, user0_.country as country4_2_, user0_.email as email5_2_, user0_.userName as userName6_2_ from User user0_ where user0_.email=?
]]></system-out>
  </testcase>
  <testcase name="readByIdNotFound" classname="br.com.joaogd53.ads.controller.ChurchControllerTest" time="0.1"/>
  <testcase name="searchByCountry" classname="br.com.joaogd53.ads.controller.ChurchControllerTest" time="0.077"/>
  <testcase name="createBlancCity" classname="br.com.joaogd53.ads.controller.ChurchControllerTest" time="0.034"/>
  <testcase name="createBlancName" classname="br.com.joaogd53.ads.controller.ChurchControllerTest" time="0.036"/>
  <testcase name="createBlancRegion" classname="br.com.joaogd53.ads.controller.ChurchControllerTest" time="0.035"/>
  <testcase name="updateChurchById" classname="br.com.joaogd53.ads.controller.ChurchControllerTest" time="0.059"/>
  <testcase name="updateChurchInvalidRegion" classname="br.com.joaogd53.ads.controller.ChurchControllerTest" time="0.052"/>
  <testcase name="updateChurchInvalidCity" classname="br.com.joaogd53.ads.controller.ChurchControllerTest" time="0.047"/>
  <testcase name="updateChurchInvalidName" classname="br.com.joaogd53.ads.controller.ChurchControllerTest" time="0.063"/>
  <testcase name="updateChurchInvalidUser" classname="br.com.joaogd53.ads.controller.ChurchControllerTest" time="0.045"/>
  <testcase name="readAll" classname="br.com.joaogd53.ads.controller.ChurchControllerTest" time="0.073"/>
  <testcase name="createBlancCountry" classname="br.com.joaogd53.ads.controller.ChurchControllerTest" time="0.036"/>
</testsuite>